<?xml version="1.0" encoding="UTF-8"?>
<!-- Generated by org.testng.reporters.JUnitXMLReporter -->
<testsuite ignored="0" hostname="Admins-MacBook-Pro.local" failures="1" tests="27" name="TestWithChrome" time="365.329" errors="0" timestamp="2019-10-01T20:15:46 ICT">
  <testcase classname="com.bankguru.scripts.NewCustomerScript" name="@BeforeClass BeforeClass" time="182.079">
    <failure type="org.openqa.selenium.TimeoutException" message="Expected condition failed: waiting for visibility of element located by By.xpath: //input[@name=&amp;apos;uid&amp;apos;] (tried for 100 second(s) with 500 milliseconds interval)">
      <![CDATA[org.openqa.selenium.TimeoutException: Expected condition failed: waiting for visibility of element located by By.xpath: //input[@name='uid'] (tried for 100 second(s) with 500 milliseconds interval)
at org.openqa.selenium.support.ui.WebDriverWait.timeoutException(WebDriverWait.java:81)
at org.openqa.selenium.support.ui.FluentWait.until(FluentWait.java:271)
at common.CommonFunctions.waitForElementVisible(CommonFunctions.java:238)
at com.bankguru.actions.LoginPage.inputUserID(LoginPage.java:21)
at com.bankguru.scripts.NewCustomerScript.BeforeClass(NewCustomerScript.java:53)
at java.base/java.util.ArrayList.forEach(ArrayList.java:1507)
at java.base/java.util.concurrent.FutureTask.run(FutureTask.java:264)
at java.base/java.util.concurrent.ThreadPoolExecutor.runWorker(ThreadPoolExecutor.java:1128)
at java.base/java.util.concurrent.ThreadPoolExecutor$Worker.run(ThreadPoolExecutor.java:628)
at java.base/java.lang.Thread.run(Thread.java:830)
Caused by: org.openqa.selenium.NoSuchElementException: Cannot locate an element using By.xpath: //input[@name='uid']
For documentation on this error, please visit: http://seleniumhq.org/exceptions/no_such_element.html
Build info: version: '3.11.0', revision: 'e59cfb3', time: '2018-03-11T20:26:55.152Z'
System info: host: 'Admins-MacBook-Pro.local', ip: 'fe80:0:0:0:1020:7b12:1669:436%en0', os.name: 'Mac OS X', os.arch: 'x86_64', os.version: '10.14.4', java.version: '13'
Driver info: driver.version: unknown
at org.openqa.selenium.support.ui.ExpectedConditions.lambda$findElement$0(ExpectedConditions.java:896)
at java.base/java.util.Optional.orElseThrow(Optional.java:401)
at org.openqa.selenium.support.ui.ExpectedConditions.findElement(ExpectedConditions.java:895)
at org.openqa.selenium.support.ui.ExpectedConditions.access$000(ExpectedConditions.java:44)
at org.openqa.selenium.support.ui.ExpectedConditions$7.apply(ExpectedConditions.java:206)
at org.openqa.selenium.support.ui.ExpectedConditions$7.apply(ExpectedConditions.java:202)
at org.openqa.selenium.support.ui.FluentWait.until(FluentWait.java:248)
... 24 more
... Removed 16 stack frames]]>
    </failure>
  </testcase> <!-- @BeforeClass BeforeClass -->
  <testcase classname="com.bankguru.scripts.NewCustomerScript" name="@BeforeMethod BeforeMethod" time="-1.569935741259E9">
    <skipped/>
  </testcase> <!-- @BeforeMethod BeforeMethod -->
  <testcase classname="com.bankguru.scripts.NewCustomerScript" name="@AfterMethod afterMethod" time="-1.569935741264E9">
    <skipped/>
  </testcase> <!-- @AfterMethod afterMethod -->
  <testcase classname="com.bankguru.scripts.NewCustomerScript" name="@BeforeMethod BeforeMethod" time="-1.569935741266E9">
    <skipped/>
  </testcase> <!-- @BeforeMethod BeforeMethod -->
  <testcase classname="com.bankguru.scripts.NewCustomerScript" name="@AfterMethod afterMethod" time="-1.569935741269E9">
    <skipped/>
  </testcase> <!-- @AfterMethod afterMethod -->
  <testcase classname="com.bankguru.scripts.NewCustomerScript" name="@BeforeMethod BeforeMethod" time="-1.56993574127E9">
    <skipped/>
  </testcase> <!-- @BeforeMethod BeforeMethod -->
  <testcase classname="com.bankguru.scripts.NewCustomerScript" name="@AfterMethod afterMethod" time="-1.569935741273E9">
    <skipped/>
  </testcase> <!-- @AfterMethod afterMethod -->
  <testcase classname="com.bankguru.scripts.NewCustomerScript" name="@BeforeMethod BeforeMethod" time="-1.569935741274E9">
    <skipped/>
  </testcase> <!-- @BeforeMethod BeforeMethod -->
  <testcase classname="com.bankguru.scripts.NewCustomerScript" name="@AfterMethod afterMethod" time="-1.569935741278E9">
    <skipped/>
  </testcase> <!-- @AfterMethod afterMethod -->
  <testcase classname="com.bankguru.scripts.NewCustomerScript" name="@BeforeMethod BeforeMethod" time="-1.569935741279E9">
    <skipped/>
  </testcase> <!-- @BeforeMethod BeforeMethod -->
  <testcase classname="com.bankguru.scripts.NewCustomerScript" name="@AfterMethod afterMethod" time="-1.569935741282E9">
    <skipped/>
  </testcase> <!-- @AfterMethod afterMethod -->
  <testcase classname="com.bankguru.scripts.NewCustomerScript" name="@BeforeMethod BeforeMethod" time="-1.569935741283E9">
    <skipped/>
  </testcase> <!-- @BeforeMethod BeforeMethod -->
  <testcase classname="com.bankguru.scripts.NewCustomerScript" name="@AfterMethod afterMethod" time="-1.569935741286E9">
    <skipped/>
  </testcase> <!-- @AfterMethod afterMethod -->
  <testcase classname="com.bankguru.scripts.NewCustomerScript" name="@BeforeMethod BeforeMethod" time="-1.569935741287E9">
    <skipped/>
  </testcase> <!-- @BeforeMethod BeforeMethod -->
  <testcase classname="com.bankguru.scripts.NewCustomerScript" name="@AfterMethod afterMethod" time="-1.569935741291E9">
    <skipped/>
  </testcase> <!-- @AfterMethod afterMethod -->
  <testcase classname="com.bankguru.scripts.NewCustomerScript" name="@BeforeMethod BeforeMethod" time="-1.569935741292E9">
    <skipped/>
  </testcase> <!-- @BeforeMethod BeforeMethod -->
  <testcase classname="com.bankguru.scripts.NewCustomerScript" name="@AfterMethod afterMethod" time="-1.569935741296E9">
    <skipped/>
  </testcase> <!-- @AfterMethod afterMethod -->
  <testcase classname="com.bankguru.scripts.NewCustomerScript" name="@BeforeMethod BeforeMethod" time="-1.569935741297E9">
    <skipped/>
  </testcase> <!-- @BeforeMethod BeforeMethod -->
  <testcase classname="com.bankguru.scripts.NewCustomerScript" name="@AfterMethod afterMethod" time="-1.569935741301E9">
    <skipped/>
  </testcase> <!-- @AfterMethod afterMethod -->
  <testcase classname="com.bankguru.scripts.NewCustomerScript" name="@BeforeMethod BeforeMethod" time="-1.569935741303E9">
    <skipped/>
  </testcase> <!-- @BeforeMethod BeforeMethod -->
  <testcase classname="com.bankguru.scripts.NewCustomerScript" name="@AfterMethod afterMethod" time="-1.569935741307E9">
    <skipped/>
  </testcase> <!-- @AfterMethod afterMethod -->
  <testcase classname="com.bankguru.scripts.NewCustomerScript" name="@BeforeMethod BeforeMethod" time="-1.569935741308E9">
    <skipped/>
  </testcase> <!-- @BeforeMethod BeforeMethod -->
  <testcase classname="com.bankguru.scripts.NewCustomerScript" name="@AfterMethod afterMethod" time="-1.569935741312E9">
    <skipped/>
  </testcase> <!-- @AfterMethod afterMethod -->
  <testcase classname="com.bankguru.scripts.NewCustomerScript" name="@BeforeMethod BeforeMethod" time="-1.569935741314E9">
    <skipped/>
  </testcase> <!-- @BeforeMethod BeforeMethod -->
  <testcase classname="com.bankguru.scripts.NewCustomerScript" name="@AfterMethod afterMethod" time="-1.569935741318E9">
    <skipped/>
  </testcase> <!-- @AfterMethod afterMethod -->
  <testcase classname="com.bankguru.scripts.NewCustomerScript" name="@BeforeMethod BeforeMethod" time="-1.569935741319E9">
    <skipped/>
  </testcase> <!-- @BeforeMethod BeforeMethod -->
  <testcase classname="com.bankguru.scripts.NewCustomerScript" name="@AfterMethod afterMethod" time="-1.569935741323E9">
    <skipped/>
  </testcase> <!-- @AfterMethod afterMethod -->
  <testcase classname="com.bankguru.scripts.NewCustomerScript" name="@BeforeMethod BeforeMethod" time="-1.569935741324E9">
    <skipped/>
  </testcase> <!-- @BeforeMethod BeforeMethod -->
  <testcase classname="com.bankguru.scripts.NewCustomerScript" name="@AfterMethod afterMethod" time="-1.569935741327E9">
    <skipped/>
  </testcase> <!-- @AfterMethod afterMethod -->
  <testcase classname="com.bankguru.scripts.NewCustomerScript" name="@BeforeMethod BeforeMethod" time="-1.569935741329E9">
    <skipped/>
  </testcase> <!-- @BeforeMethod BeforeMethod -->
  <testcase classname="com.bankguru.scripts.NewCustomerScript" name="@AfterMethod afterMethod" time="-1.569935741332E9">
    <skipped/>
  </testcase> <!-- @AfterMethod afterMethod -->
  <testcase classname="com.bankguru.scripts.NewCustomerScript" name="@BeforeMethod BeforeMethod" time="-1.569935741333E9">
    <skipped/>
  </testcase> <!-- @BeforeMethod BeforeMethod -->
  <testcase classname="com.bankguru.scripts.NewCustomerScript" name="@AfterMethod afterMethod" time="-1.569935741335E9">
    <skipped/>
  </testcase> <!-- @AfterMethod afterMethod -->
  <testcase classname="com.bankguru.scripts.NewCustomerScript" name="@BeforeMethod BeforeMethod" time="-1.569935741336E9">
    <skipped/>
  </testcase> <!-- @BeforeMethod BeforeMethod -->
  <testcase classname="com.bankguru.scripts.NewCustomerScript" name="@AfterMethod afterMethod" time="-1.56993574134E9">
    <skipped/>
  </testcase> <!-- @AfterMethod afterMethod -->
  <testcase classname="com.bankguru.scripts.NewCustomerScript" name="@BeforeMethod BeforeMethod" time="-1.569935741341E9">
    <skipped/>
  </testcase> <!-- @BeforeMethod BeforeMethod -->
  <testcase classname="com.bankguru.scripts.NewCustomerScript" name="@AfterMethod afterMethod" time="-1.569935741344E9">
    <skipped/>
  </testcase> <!-- @AfterMethod afterMethod -->
  <testcase classname="com.bankguru.scripts.NewCustomerScript" name="@BeforeMethod BeforeMethod" time="-1.569935741345E9">
    <skipped/>
  </testcase> <!-- @BeforeMethod BeforeMethod -->
  <testcase classname="com.bankguru.scripts.NewCustomerScript" name="@AfterMethod afterMethod" time="-1.569935741348E9">
    <skipped/>
  </testcase> <!-- @AfterMethod afterMethod -->
  <testcase classname="com.bankguru.scripts.NewCustomerScript" name="@BeforeMethod BeforeMethod" time="-1.569935741349E9">
    <skipped/>
  </testcase> <!-- @BeforeMethod BeforeMethod -->
  <testcase classname="com.bankguru.scripts.NewCustomerScript" name="@AfterMethod afterMethod" time="-1.569935741352E9">
    <skipped/>
  </testcase> <!-- @AfterMethod afterMethod -->
  <testcase classname="com.bankguru.scripts.NewCustomerScript" name="@BeforeMethod BeforeMethod" time="-1.569935741354E9">
    <skipped/>
  </testcase> <!-- @BeforeMethod BeforeMethod -->
  <testcase classname="com.bankguru.scripts.NewCustomerScript" name="@AfterMethod afterMethod" time="-1.569935741357E9">
    <skipped/>
  </testcase> <!-- @AfterMethod afterMethod -->
  <testcase classname="com.bankguru.scripts.NewCustomerScript" name="@BeforeMethod BeforeMethod" time="-1.569935741358E9">
    <skipped/>
  </testcase> <!-- @BeforeMethod BeforeMethod -->
  <testcase classname="com.bankguru.scripts.NewCustomerScript" name="@AfterMethod afterMethod" time="-1.569935741362E9">
    <skipped/>
  </testcase> <!-- @AfterMethod afterMethod -->
  <testcase classname="com.bankguru.scripts.NewCustomerScript" name="@BeforeMethod BeforeMethod" time="-1.569935741364E9">
    <skipped/>
  </testcase> <!-- @BeforeMethod BeforeMethod -->
  <testcase classname="com.bankguru.scripts.NewCustomerScript" name="@AfterMethod afterMethod" time="-1.569935741367E9">
    <skipped/>
  </testcase> <!-- @AfterMethod afterMethod -->
  <testcase classname="com.bankguru.scripts.NewCustomerScript" name="@BeforeMethod BeforeMethod" time="-1.569935741368E9">
    <skipped/>
  </testcase> <!-- @BeforeMethod BeforeMethod -->
  <testcase classname="com.bankguru.scripts.NewCustomerScript" name="@AfterMethod afterMethod" time="-1.569935741371E9">
    <skipped/>
  </testcase> <!-- @AfterMethod afterMethod -->
  <testcase classname="com.bankguru.scripts.NewCustomerScript" name="@BeforeMethod BeforeMethod" time="-1.569935741372E9">
    <skipped/>
  </testcase> <!-- @BeforeMethod BeforeMethod -->
  <testcase classname="com.bankguru.scripts.NewCustomerScript" name="@AfterMethod afterMethod" time="-1.569935741375E9">
    <skipped/>
  </testcase> <!-- @AfterMethod afterMethod -->
  <testcase classname="com.bankguru.scripts.NewCustomerScript" name="@BeforeMethod BeforeMethod" time="-1.569935741376E9">
    <skipped/>
  </testcase> <!-- @BeforeMethod BeforeMethod -->
  <testcase classname="com.bankguru.scripts.NewCustomerScript" name="@AfterMethod afterMethod" time="-1.56993574138E9">
    <skipped/>
  </testcase> <!-- @AfterMethod afterMethod -->
  <testcase classname="com.bankguru.scripts.NewCustomerScript" name="@AfterClass AfterClass" time="-1.569935741381E9">
    <skipped/>
  </testcase> <!-- @AfterClass AfterClass -->
  <testcase classname="com.bankguru.scripts.RegisterNewAccountScript" name="RegisterScript" time="100.294">
    <failure type="org.openqa.selenium.TimeoutException" message="Expected condition failed: waiting for visibility of element located by By.xpath: //a[text()=&amp;apos;here&amp;apos;] (tried for 100 second(s) with 500 milliseconds interval)">
      <![CDATA[org.openqa.selenium.TimeoutException: Expected condition failed: waiting for visibility of element located by By.xpath: //a[text()='here'] (tried for 100 second(s) with 500 milliseconds interval)
at org.openqa.selenium.support.ui.WebDriverWait.timeoutException(WebDriverWait.java:81)
at org.openqa.selenium.support.ui.FluentWait.until(FluentWait.java:271)
at common.CommonFunctions.waitForElementVisible(CommonFunctions.java:238)
at com.bankguru.actions.LoginPage.clickHereLink(LoginPage.java:16)
at com.bankguru.scripts.RegisterNewAccountScript.RegisterScript(RegisterNewAccountScript.java:38)
at java.base/java.util.ArrayList.forEach(ArrayList.java:1507)
at java.base/java.util.concurrent.FutureTask.run(FutureTask.java:264)
at java.base/java.util.concurrent.ThreadPoolExecutor.runWorker(ThreadPoolExecutor.java:1128)
at java.base/java.util.concurrent.ThreadPoolExecutor$Worker.run(ThreadPoolExecutor.java:628)
at java.base/java.lang.Thread.run(Thread.java:830)
Caused by: org.openqa.selenium.NoSuchElementException: Cannot locate an element using By.xpath: //a[text()='here']
For documentation on this error, please visit: http://seleniumhq.org/exceptions/no_such_element.html
Build info: version: '3.11.0', revision: 'e59cfb3', time: '2018-03-11T20:26:55.152Z'
System info: host: 'Admins-MacBook-Pro.local', ip: 'fe80:0:0:0:1020:7b12:1669:436%en0', os.name: 'Mac OS X', os.arch: 'x86_64', os.version: '10.14.4', java.version: '13'
Driver info: driver.version: unknown
at org.openqa.selenium.support.ui.ExpectedConditions.lambda$findElement$0(ExpectedConditions.java:896)
at java.base/java.util.Optional.orElseThrow(Optional.java:401)
at org.openqa.selenium.support.ui.ExpectedConditions.findElement(ExpectedConditions.java:895)
at org.openqa.selenium.support.ui.ExpectedConditions.access$000(ExpectedConditions.java:44)
at org.openqa.selenium.support.ui.ExpectedConditions$7.apply(ExpectedConditions.java:206)
at org.openqa.selenium.support.ui.ExpectedConditions$7.apply(ExpectedConditions.java:202)
at org.openqa.selenium.support.ui.FluentWait.until(FluentWait.java:248)
... 26 more
... Removed 18 stack frames]]>
    </failure>
  </testcase> <!-- RegisterScript -->
  <testcase classname="com.bankguru.scripts.NewCustomerScript" name="NC01_NewCustomer01" time="0.0">
    <skipped/>
  </testcase> <!-- NC01_NewCustomer01 -->
  <testcase classname="com.bankguru.scripts.NewCustomerScript" name="NC02_NumericCase" time="0.0">
    <skipped/>
  </testcase> <!-- NC02_NumericCase -->
  <testcase classname="com.bankguru.scripts.NewCustomerScript" name="NC03_SpecialCharacters" time="0.0">
    <skipped/>
  </testcase> <!-- NC03_SpecialCharacters -->
  <testcase classname="com.bankguru.scripts.NewCustomerScript" name="NC04_FirstCharacterBlank" time="0.0">
    <skipped/>
  </testcase> <!-- NC04_FirstCharacterBlank -->
  <testcase classname="com.bankguru.scripts.NewCustomerScript" name="NC05_AddressEmplty" time="0.0">
    <skipped/>
  </testcase> <!-- NC05_AddressEmplty -->
  <testcase classname="com.bankguru.scripts.NewCustomerScript" name="NC06_AddressHaveSpace" time="0.0">
    <skipped/>
  </testcase> <!-- NC06_AddressHaveSpace -->
  <testcase classname="com.bankguru.scripts.NewCustomerScript" name="NC08_CityFiledEmpty" time="0.0">
    <skipped/>
  </testcase> <!-- NC08_CityFiledEmpty -->
  <testcase classname="com.bankguru.scripts.NewCustomerScript" name="NC09_CityWithNumberic" time="0.0">
    <skipped/>
  </testcase> <!-- NC09_CityWithNumberic -->
  <testcase classname="com.bankguru.scripts.NewCustomerScript" name="NC10_CityWithSpecialCharacter" time="0.0">
    <skipped/>
  </testcase> <!-- NC10_CityWithSpecialCharacter -->
  <testcase classname="com.bankguru.scripts.NewCustomerScript" name="NC11_CityHaveSpace" time="0.0">
    <skipped/>
  </testcase> <!-- NC11_CityHaveSpace -->
  <testcase classname="com.bankguru.scripts.NewCustomerScript" name="NC12_StateFieldEmpty" time="0.0">
    <skipped/>
  </testcase> <!-- NC12_StateFieldEmpty -->
  <testcase classname="com.bankguru.scripts.NewCustomerScript" name="NC13_StateFieldWithNumberic" time="0.0">
    <skipped/>
  </testcase> <!-- NC13_StateFieldWithNumberic -->
  <testcase classname="com.bankguru.scripts.NewCustomerScript" name="NC14_StateFieldWithSpecialCharacter" time="0.0">
    <skipped/>
  </testcase> <!-- NC14_StateFieldWithSpecialCharacter -->
  <testcase classname="com.bankguru.scripts.NewCustomerScript" name="NC15_SateFieldWithSpace" time="0.0">
    <skipped/>
  </testcase> <!-- NC15_SateFieldWithSpace -->
  <testcase classname="com.bankguru.scripts.NewCustomerScript" name="NC16_PINFiledWithNumberic" time="0.0">
    <skipped/>
  </testcase> <!-- NC16_PINFiledWithNumberic -->
  <testcase classname="com.bankguru.scripts.NewCustomerScript" name="NC17_PinFieldEmpty" time="0.0">
    <skipped/>
  </testcase> <!-- NC17_PinFieldEmpty -->
  <testcase classname="com.bankguru.scripts.NewCustomerScript" name="NC18_PinFieldHave6Digits" time="0.0">
    <skipped/>
  </testcase> <!-- NC18_PinFieldHave6Digits -->
  <testcase classname="com.bankguru.scripts.NewCustomerScript" name="NC19_PinFieldWithSpecialCharcter" time="0.0">
    <skipped/>
  </testcase> <!-- NC19_PinFieldWithSpecialCharcter -->
  <testcase classname="com.bankguru.scripts.NewCustomerScript" name="NC20_PinFieldWithSpace" time="0.0">
    <skipped/>
  </testcase> <!-- NC20_PinFieldWithSpace -->
  <testcase classname="com.bankguru.scripts.NewCustomerScript" name="NC21_TelephoneFieldEmpty" time="0.0">
    <skipped/>
  </testcase> <!-- NC21_TelephoneFieldEmpty -->
  <testcase classname="com.bankguru.scripts.NewCustomerScript" name="NC22_TelephoneFieldHaveSpace" time="0.0">
    <skipped/>
  </testcase> <!-- NC22_TelephoneFieldHaveSpace -->
  <testcase classname="com.bankguru.scripts.NewCustomerScript" name="NC25_TelephoneFieldWithSpecialCharacter" time="0.0">
    <skipped/>
  </testcase> <!-- NC25_TelephoneFieldWithSpecialCharacter -->
  <testcase classname="com.bankguru.scripts.NewCustomerScript" name="NC26_EmailFieldEmpty" time="0.0">
    <skipped/>
  </testcase> <!-- NC26_EmailFieldEmpty -->
  <testcase classname="com.bankguru.scripts.NewCustomerScript" name="NC27_EmailFieldWithIncorrectFormat" time="0.0">
    <skipped/>
  </testcase> <!-- NC27_EmailFieldWithIncorrectFormat -->
  <testcase classname="com.bankguru.scripts.NewCustomerScript" name="NC29_EmailFieldWithSpace" time="0.0">
    <skipped/>
  </testcase> <!-- NC29_EmailFieldWithSpace -->
  <testcase classname="com.bankguru.scripts.NewCustomerScript" name="NC30_CreateNewCustomer" time="0.0">
    <skipped/>
  </testcase> <!-- NC30_CreateNewCustomer -->
</testsuite> <!-- TestWithChrome -->
